#
# A fatal error has been detected by the Java Runtime Environment:
#
#  EXCEPTION_ACCESS_VIOLATION (0xc0000005) at pc=0x00007ffa46f9c8a5, pid=1360, tid=22380
#
# JRE version: Java(TM) SE Runtime Environment (17.0.5+9) (build 17.0.5+9-LTS-191)
# Java VM: Java HotSpot(TM) 64-Bit Server VM (17.0.5+9-LTS-191, mixed mode, sharing, tiered, compressed oops, compressed class ptrs, g1 gc, windows-amd64)
# Problematic frame:
# V  [jvm.dll+0x55c8a5]
#
# No core dump will be written. Minidumps are not enabled by default on client versions of Windows
#
# If you would like to submit a bug report, please visit:
#   https://bugreport.java.com/bugreport/crash.jsp
#

---------------  S U M M A R Y ------------

Command Line: -Dfile.encoding=windows-1252 -Duser.country=US -Duser.language=en -Duser.variant org.springframework.aot.build.GenerateBootstrapCommand --sources-out=C:\Users\amaya\OneDrive\Documents\GitHub\MedChart\MedChart (1)\MedChart\build\generated\runtimeSources\aotMain --resources-out=C:\Users\amaya\OneDrive\Documents\GitHub\MedChart\MedChart (1)\MedChart\build\generated\resources\aotMain --resources=C:\Users\amaya\OneDrive\Documents\GitHub\MedChart\MedChart (1)\MedChart\src\main\resources --classes=C:\Users\amaya\OneDrive\Documents\GitHub\MedChart\MedChart (1)\MedChart\build\classes\java\main --mode=native --remove-xml --remove-jmx

Host: AMD Ryzen 5 4600G with Radeon Graphics, 12 cores, 7G,  Windows 11 , 64 bit Build 22000 (10.0.22000.1219)
Time: Fri Nov 11 17:49:23 2022 Eastern Standard Time elapsed time: 0.196540 seconds (0d 0h 0m 0s)

---------------  T H R E A D  ---------------

Current thread (0x0000022b6f957ce0):  JavaThread "C2 CompilerThread0" daemon [_thread_in_native, id=22380, stack(0x0000003478400000,0x0000003478500000)]


Current CompileTask:
C2:    196  158       4       java.lang.AbstractStringBuilder::ensureCapacityInternal (39 bytes)

Stack: [0x0000003478400000,0x0000003478500000],  sp=0x00000034784fb6c0,  free space=1005k
Native frames: (J=compiled Java code, j=interpreted, Vv=VM code, C=native code)
V  [jvm.dll+0x55c8a5]
V  [jvm.dll+0x55d0b3]
V  [jvm.dll+0x1b9797]
V  [jvm.dll+0x215e19]
V  [jvm.dll+0x2150e1]
V  [jvm.dll+0x1a18ed]
V  [jvm.dll+0x22493a]
V  [jvm.dll+0x222aa5]
V  [jvm.dll+0x7885db]
V  [jvm.dll+0x782b4a]
V  [jvm.dll+0x671d75]
C  [ucrtbase.dll+0x26c0c]
C  [KERNEL32.DLL+0x15550]
C  [ntdll.dll+0x485b]


siginfo: EXCEPTION_ACCESS_VIOLATION (0xc0000005), reading address 0x0000000b00000260


Register to memory mapping:

RIP=0x00007ffa46f9c8a5 jvm.dll
RAX=0x0000022b7041a300 points into unknown readable memory: 0x0000000b00000260 | 60 02 00 00 0b 00 00 00
RBX=0x0000000000000002 is an unknown value
RCX=0x0000000000000002 is an unknown value
RDX=0x0000000b00000260 is an unknown value
RSP=0x00000034784fb6c0 is pointing into the stack for thread: 0x0000022b6f957ce0
RBP=0x0000000000000004 is an unknown value
RSI=0x0 is NULL
RDI=0x0000022b70414e60 points into unknown readable memory: 0x0000000000000000 | 00 00 00 00 00 00 00 00
R8 =0x00007ffa4752c598 jvm.dll
R9 =0x0000000000000001 is an unknown value
R10=0x0000000000002300 is an unknown value
R11=0x0000000000000038 is an unknown value
R12=0x0000022b704146e0 points into unknown readable memory: 0x0000000000000000 | 00 00 00 00 00 00 00 00
R13=0x00000034784fb970 is pointing into the stack for thread: 0x0000022b6f957ce0
R14=0x0 is NULL
R15=0x0000022b7041a360 points into unknown readable memory: 0x0000000000000000 | 00 00 00 00 00 00 00 00


Registers:
RAX=0x0000022b7041a300, RBX=0x0000000000000002, RCX=0x0000000000000002, RDX=0x0000000b00000260
RSP=0x00000034784fb6c0, RBP=0x0000000000000004, RSI=0x0000000000000000, RDI=0x0000022b70414e60
R8 =0x00007ffa4752c598, R9 =0x0000000000000001, R10=0x0000000000002300, R11=0x0000000000000038
R12=0x0000022b704146e0, R13=0x00000034784fb970, R14=0x0000000000000000, R15=0x0000022b7041a360
RIP=0x00007ffa46f9c8a5, EFLAGS=0x0000000000010212

Top of Stack: (sp=0x00000034784fb6c0)
0x00000034784fb6c0:   0000022b70414b40 0000022b70414e60
0x00000034784fb6d0:   0000000000000000 0000000000000000
0x00000034784fb6e0:   0000000000000002 0000000100000002
0x00000034784fb6f0:   0000000100000001 0000022b7041a680
0x00000034784fb700:   0000022b70414b50 0000022b70414b40
0x00000034784fb710:   0000022b70414960 0000022b704c0d58
0x00000034784fb720:   0000000000000005 00000034784fb970
0x00000034784fb730:   0000022b70414b40 0000000000000002
0x00000034784fb740:   0000000000000010 0000000000000000
0x00000034784fb750:   0000022b704bd8f0 00007ffa46f9d0b3
0x00000034784fb760:   0000022b704146e0 0000022b704c0d58
0x00000034784fb770:   0000000000000000 00000034784fb7c8
0x00000034784fb780:   0000022b6f948c70 0000000000000020
0x00000034784fb790:   0000022b70414b40 0000000000000010
0x00000034784fb7a0:   0000022b6f955fc0 0000022b70410060
0x00000034784fb7b0:   0000000000020338 0000022b704123e0 

Instructions: (pc=0x00007ffa46f9c8a5)
0x00007ffa46f9c7a5:   4a 8b 1c d8 48 89 9c 24 b0 00 00 00 48 85 db 74
0x00007ffa46f9c7b5:   05 48 8b fb eb 08 e8 40 0f 00 00 48 8b f8 83 3e
0x00007ffa46f9c7c5:   00 0f 84 6f 01 00 00 48 8b 46 08 4c 8d 05 c1 fd
0x00007ffa46f9c7d5:   58 00 8b 4e 04 33 d2 4c 8b a4 24 a0 00 00 00 8b
0x00007ffa46f9c7e5:   da 48 89 54 24 20 89 54 24 28 48 89 54 24 38 48
0x00007ffa46f9c7f5:   89 44 24 40 48 c7 44 24 2c 04 00 00 00 89 4c 24
0x00007ffa46f9c805:   34 48 89 74 24 48 4c 89 74 24 60 48 85 d2 74 19
0x00007ffa46f9c815:   48 0f bc c2 8b c8 48 d3 ea 48 ff ca 03 d8 48 89
0x00007ffa46f9c825:   54 24 20 89 5c 24 28 eb 28 83 7c 24 2c 04 72 0e
0x00007ffa46f9c835:   8b 44 24 34 39 44 24 30 0f 83 db 00 00 00 48 8d
0x00007ffa46f9c845:   4c 24 20 e8 43 86 e0 ff 8b d8 4c 8d 05 42 fd 58
0x00007ffa46f9c855:   00 85 db 0f 84 c0 00 00 00 8b c3 48 c1 e8 08 8b
0x00007ffa46f9c865:   f3 4c 8d 34 c5 00 00 00 00 49 8b 47 08 49 8b 14
0x00007ffa46f9c875:   06 49 3b d0 75 14 8b d3 49 8b cf e8 cb 87 e0 ff
0x00007ffa46f9c885:   48 8b d0 4c 8d 05 09 fd 58 00 40 0f b6 ce bd 01
0x00007ffa46f9c895:   00 00 00 48 c1 ee 06 80 e1 3f 83 e6 03 48 d3 e5
0x00007ffa46f9c8a5:   48 8b 0c f2 48 8b c1 48 0b c5 48 89 04 f2 48 85
0x00007ffa46f9c8b5:   cd 75 48 41 ff 07 49 8b 44 24 08 4a 8b 0c 30 48
0x00007ffa46f9c8c5:   85 2c f1 75 36 48 8b 47 08 49 8b 14 06 49 3b d0
0x00007ffa46f9c8d5:   75 14 8b d3 48 8b cf e8 6f 87 e0 ff 48 8b d0 4c
0x00007ffa46f9c8e5:   8d 05 ad fc 58 00 48 8b 0c f2 48 8b c1 48 0b c5
0x00007ffa46f9c8f5:   48 89 04 f2 48 85 cd 74 10 66 90 8b 5c 24 28 48
0x00007ffa46f9c905:   8b 54 24 20 e9 02 ff ff ff ff 07 8b 5c 24 28 48
0x00007ffa46f9c915:   8b 54 24 20 e9 f2 fe ff ff 4c 8b a4 24 a8 00 00
0x00007ffa46f9c925:   00 48 8b 9c 24 b0 00 00 00 48 8b ac 24 b8 00 00
0x00007ffa46f9c935:   00 4c 8b 74 24 60 83 3f 00 4c 8b 7c 24 58 48 8b
0x00007ffa46f9c945:   74 24 68 74 4b 41 8b 4c 24 4c 49 8b 45 28 ff c9
0x00007ffa46f9c955:   48 89 3c c8 48 85 db 75 46 41 8b 4c 24 4c 8b c1
0x00007ffa46f9c965:   c1 e8 05 3b 45 00 73 37 8b d0 83 e1 1f 48 8b 45
0x00007ffa46f9c975:   08 8b 04 90 0f a3 c8 73 26 49 8b 4d 38 49 8b d4
0x00007ffa46f9c985:   48 83 c4 70 41 5d 41 5c 5f 5d 5b e9 9b 24 bc ff
0x00007ffa46f9c995:   49 8b 45 30 48 89 87 98 00 00 00 49 89 7d 30 48 


Stack slot to memory mapping:
stack at sp + 0 slots: 0x0000022b70414b40 points into unknown readable memory: 0x0000000100000002 | 02 00 00 00 01 00 00 00
stack at sp + 1 slots: 0x0000022b70414e60 points into unknown readable memory: 0x0000000000000000 | 00 00 00 00 00 00 00 00
stack at sp + 2 slots: 0x0 is NULL
stack at sp + 3 slots: 0x0 is NULL
stack at sp + 4 slots: 0x0000000000000002 is an unknown value
stack at sp + 5 slots: 0x0000000100000002 is an unknown value
stack at sp + 6 slots: 0x0000000100000001 is an unknown value
stack at sp + 7 slots: 0x0000022b7041a680 points into unknown readable memory: 0x000000000000000c | 0c 00 00 00 00 00 00 00


---------------  P R O C E S S  ---------------

Threads class SMR info:
_java_thread_list=0x0000022b7061df00, length=13, elements={
0x0000022b51910eb0, 0x0000022b6f93a5f0, 0x0000022b6f93cec0, 0x0000022b6f9545f0,
0x0000022b6f954eb0, 0x0000022b6f956780, 0x0000022b6f957040, 0x0000022b6f957ce0,
0x0000022b6f958690, 0x0000022b6f9644a0, 0x0000022b7052ebe0, 0x0000022b705488c0,
0x0000022b70640870
}

Java Threads: ( => current thread )
  0x0000022b51910eb0 JavaThread "main" [_thread_in_native, id=7204, stack(0x0000003477700000,0x0000003477800000)]
  0x0000022b6f93a5f0 JavaThread "Reference Handler" daemon [_thread_blocked, id=21996, stack(0x0000003477e00000,0x0000003477f00000)]
  0x0000022b6f93cec0 JavaThread "Finalizer" daemon [_thread_blocked, id=13188, stack(0x0000003477f00000,0x0000003478000000)]
  0x0000022b6f9545f0 JavaThread "Signal Dispatcher" daemon [_thread_blocked, id=14036, stack(0x0000003478000000,0x0000003478100000)]
  0x0000022b6f954eb0 JavaThread "Attach Listener" daemon [_thread_blocked, id=10840, stack(0x0000003478100000,0x0000003478200000)]
  0x0000022b6f956780 JavaThread "Service Thread" daemon [_thread_blocked, id=8812, stack(0x0000003478200000,0x0000003478300000)]
  0x0000022b6f957040 JavaThread "Monitor Deflation Thread" daemon [_thread_blocked, id=13360, stack(0x0000003478300000,0x0000003478400000)]
=>0x0000022b6f957ce0 JavaThread "C2 CompilerThread0" daemon [_thread_in_native, id=22380, stack(0x0000003478400000,0x0000003478500000)]
  0x0000022b6f958690 JavaThread "C1 CompilerThread0" daemon [_thread_in_vm, id=6408, stack(0x0000003478500000,0x0000003478600000)]
  0x0000022b6f9644a0 JavaThread "Sweeper thread" daemon [_thread_blocked, id=15884, stack(0x0000003478600000,0x0000003478700000)]
  0x0000022b7052ebe0 JavaThread "Notification Thread" daemon [_thread_blocked, id=13472, stack(0x0000003478700000,0x0000003478800000)]
  0x0000022b705488c0 JavaThread "Common-Cleaner" daemon [_thread_blocked, id=6760, stack(0x0000003478900000,0x0000003478a00000)]
  0x0000022b70640870 JavaThread "C2 CompilerThread1" daemon [_thread_blocked, id=16200, stack(0x0000003478a00000,0x0000003478b00000)]

Other Threads:
  0x0000022b6f934d40 VMThread "VM Thread" [stack: 0x0000003477d00000,0x0000003477e00000] [id=12516]
  0x0000022b70538b30 WatcherThread [stack: 0x0000003478800000,0x0000003478900000] [id=21560]
  0x0000022b51966430 GCTaskThread "GC Thread#0" [stack: 0x0000003477800000,0x0000003477900000] [id=21920]
  0x0000022b51976020 ConcurrentGCThread "G1 Main Marker" [stack: 0x0000003477900000,0x0000003477a00000] [id=17992]
  0x0000022b519777f0 ConcurrentGCThread "G1 Conc#0" [stack: 0x0000003477a00000,0x0000003477b00000] [id=20392]
  0x0000022b6f7f34d0 ConcurrentGCThread "G1 Refine#0" [stack: 0x0000003477b00000,0x0000003477c00000] [id=4492]
  0x0000022b6f7f3ba0 ConcurrentGCThread "G1 Service" [stack: 0x0000003477c00000,0x0000003477d00000] [id=2024]

Threads with active compile tasks:
C2 CompilerThread0      224  158       4       java.lang.AbstractStringBuilder::ensureCapacityInternal (39 bytes)
C1 CompilerThread0      224  207       3       java.util.jar.JarFile::getJarEntry (9 bytes)

VM state: not at safepoint (normal execution)

VM Mutex/Monitor currently owned by a thread: None

Heap address: 0x0000000089e00000, size: 1890 MB, Compressed Oops mode: 32-bit

CDS archive(s) mapped at: [0x0000000800000000-0x0000000800bd0000-0x0000000800bd0000), size 12386304, SharedBaseAddress: 0x0000000800000000, ArchiveRelocationMode: 0.
Compressed class space mapped at: 0x0000000800c00000-0x0000000840c00000, reserved size: 1073741824
Narrow klass base: 0x0000000800000000, Narrow klass shift: 0, Narrow klass range: 0x100000000

GC Precious Log:
 CPUs: 12 total, 12 available
 Memory: 7555M
 Large Page Support: Disabled
 NUMA Support: Disabled
 Compressed Oops: Enabled (32-bit)
 Heap Region Size: 1M
 Heap Min Capacity: 8M
 Heap Initial Capacity: 120M
 Heap Max Capacity: 1890M
 Pre-touch: Disabled
 Parallel Workers: 10
 Concurrent Workers: 3
 Concurrent Refinement Workers: 10
 Periodic GC: Disabled

Heap:
 garbage-first heap   total 122880K, used 6144K [0x0000000089e00000, 0x0000000100000000)
  region size 1024K, 6 young (6144K), 0 survivors (0K)
 Metaspace       used 446K, committed 576K, reserved 1056768K
  class space    used 27K, committed 128K, reserved 1048576K

Heap Regions: E=young(eden), S=young(survivor), O=old, HS=humongous(starts), HC=humongous(continues), CS=collection set, F=free, OA=open archive, CA=closed archive, TAMS=top-at-mark-start (previous, next)
|   0|0x0000000089e00000, 0x0000000089f00000, 0x0000000089f00000|100%|HS|  |TAMS 0x0000000089e00000, 0x0000000089e00000| Complete 
|   1|0x0000000089f00000, 0x0000000089f00000, 0x000000008a000000|  0%| F|  |TAMS 0x0000000089f00000, 0x0000000089f00000| Untracked 
|   2|0x000000008a000000, 0x000000008a000000, 0x000000008a100000|  0%| F|  |TAMS 0x000000008a000000, 0x000000008a000000| Untracked 
|   3|0x000000008a100000, 0x000000008a100000, 0x000000008a200000|  0%| F|  |TAMS 0x000000008a100000, 0x000000008a100000| Untracked 
|   4|0x000000008a200000, 0x000000008a200000, 0x000000008a300000|  0%| F|  |TAMS 0x000000008a200000, 0x000000008a200000| Untracked 
|   5|0x000000008a300000, 0x000000008a300000, 0x000000008a400000|  0%| F|  |TAMS 0x000000008a300000, 0x000000008a300000| Untracked 
|   6|0x000000008a400000, 0x000000008a400000, 0x000000008a500000|  0%| F|  |TAMS 0x000000008a400000, 0x000000008a400000| Untracked 
|   7|0x000000008a500000, 0x000000008a500000, 0x000000008a600000|  0%| F|  |TAMS 0x000000008a500000, 0x000000008a500000| Untracked 
|   8|0x000000008a600000, 0x000000008a600000, 0x000000008a700000|  0%| F|  |TAMS 0x000000008a600000, 0x000000008a600000| Untracked 
|   9|0x000000008a700000, 0x000000008a700000, 0x000000008a800000|  0%| F|  |TAMS 0x000000008a700000, 0x000000008a700000| Untracked 
|  10|0x000000008a800000, 0x000000008a800000, 0x000000008a900000|  0%| F|  |TAMS 0x000000008a800000, 0x000000008a800000| Untracked 
|  11|0x000000008a900000, 0x000000008a900000, 0x000000008aa00000|  0%| F|  |TAMS 0x000000008a900000, 0x000000008a900000| Untracked 
|  12|0x000000008aa00000, 0x000000008aa00000, 0x000000008ab00000|  0%| F|  |TAMS 0x000000008aa00000, 0x000000008aa00000| Untracked 
|  13|0x000000008ab00000, 0x000000008ab00000, 0x000000008ac00000|  0%| F|  |TAMS 0x000000008ab00000, 0x000000008ab00000| Untracked 
|  14|0x000000008ac00000, 0x000000008ac00000, 0x000000008ad00000|  0%| F|  |TAMS 0x000000008ac00000, 0x000000008ac00000| Untracked 
|  15|0x000000008ad00000, 0x000000008ad00000, 0x000000008ae00000|  0%| F|  |TAMS 0x000000008ad00000, 0x000000008ad00000| Untracked 
|  16|0x000000008ae00000, 0x000000008ae00000, 0x000000008af00000|  0%| F|  |TAMS 0x000000008ae00000, 0x000000008ae00000| Untracked 
|  17|0x000000008af00000, 0x000000008af00000, 0x000000008b000000|  0%| F|  |TAMS 0x000000008af00000, 0x000000008af00000| Untracked 
|  18|0x000000008b000000, 0x000000008b000000, 0x000000008b100000|  0%| F|  |TAMS 0x000000008b000000, 0x000000008b000000| Untracked 
|  19|0x000000008b100000, 0x000000008b100000, 0x000000008b200000|  0%| F|  |TAMS 0x000000008b100000, 0x000000008b100000| Untracked 
|  20|0x000000008b200000, 0x000000008b200000, 0x000000008b300000|  0%| F|  |TAMS 0x000000008b200000, 0x000000008b200000| Untracked 
|  21|0x000000008b300000, 0x000000008b300000, 0x000000008b400000|  0%| F|  |TAMS 0x000000008b300000, 0x000000008b300000| Untracked 
|  22|0x000000008b400000, 0x000000008b400000, 0x000000008b500000|  0%| F|  |TAMS 0x000000008b400000, 0x000000008b400000| Untracked 
|  23|0x000000008b500000, 0x000000008b500000, 0x000000008b600000|  0%| F|  |TAMS 0x000000008b500000, 0x000000008b500000| Untracked 
|  24|0x000000008b600000, 0x000000008b600000, 0x000000008b700000|  0%| F|  |TAMS 0x000000008b600000, 0x000000008b600000| Untracked 
|  25|0x000000008b700000, 0x000000008b700000, 0x000000008b800000|  0%| F|  |TAMS 0x000000008b700000, 0x000000008b700000| Untracked 
|  26|0x000000008b800000, 0x000000008b800000, 0x000000008b900000|  0%| F|  |TAMS 0x000000008b800000, 0x000000008b800000| Untracked 
|  27|0x000000008b900000, 0x000000008b900000, 0x000000008ba00000|  0%| F|  |TAMS 0x000000008b900000, 0x000000008b900000| Untracked 
|  28|0x000000008ba00000, 0x000000008ba00000, 0x000000008bb00000|  0%| F|  |TAMS 0x000000008ba00000, 0x000000008ba00000| Untracked 
|  29|0x000000008bb00000, 0x000000008bb00000, 0x000000008bc00000|  0%| F|  |TAMS 0x000000008bb00000, 0x000000008bb00000| Untracked 
|  30|0x000000008bc00000, 0x000000008bc00000, 0x000000008bd00000|  0%| F|  |TAMS 0x000000008bc00000, 0x000000008bc00000| Untracked 
|  31|0x000000008bd00000, 0x000000008bd00000, 0x000000008be00000|  0%| F|  |TAMS 0x000000008bd00000, 0x000000008bd00000| Untracked 
|  32|0x000000008be00000, 0x000000008be00000, 0x000000008bf00000|  0%| F|  |TAMS 0x000000008be00000, 0x000000008be00000| Untracked 
|  33|0x000000008bf00000, 0x000000008bf00000, 0x000000008c000000|  0%| F|  |TAMS 0x000000008bf00000, 0x000000008bf00000| Untracked 
|  34|0x000000008c000000, 0x000000008c000000, 0x000000008c100000|  0%| F|  |TAMS 0x000000008c000000, 0x000000008c000000| Untracked 
|  35|0x000000008c100000, 0x000000008c100000, 0x000000008c200000|  0%| F|  |TAMS 0x000000008c100000, 0x000000008c100000| Untracked 
|  36|0x000000008c200000, 0x000000008c200000, 0x000000008c300000|  0%| F|  |TAMS 0x000000008c200000, 0x000000008c200000| Untracked 
|  37|0x000000008c300000, 0x000000008c300000, 0x000000008c400000|  0%| F|  |TAMS 0x000000008c300000, 0x000000008c300000| Untracked 
|  38|0x000000008c400000, 0x000000008c400000, 0x000000008c500000|  0%| F|  |TAMS 0x000000008c400000, 0x000000008c400000| Untracked 
|  39|0x000000008c500000, 0x000000008c500000, 0x000000008c600000|  0%| F|  |TAMS 0x000000008c500000, 0x000000008c500000| Untracked 
|  40|0x000000008c600000, 0x000000008c600000, 0x000000008c700000|  0%| F|  |TAMS 0x000000008c600000, 0x000000008c600000| Untracked 
|  41|0x000000008c700000, 0x000000008c700000, 0x000000008c800000|  0%| F|  |TAMS 0x000000008c700000, 0x000000008c700000| Untracked 
|  42|0x000000008c800000, 0x000000008c800000, 0x000000008c900000|  0%| F|  |TAMS 0x000000008c800000, 0x000000008c800000| Untracked 
|  43|0x000000008c900000, 0x000000008c900000, 0x000000008ca00000|  0%| F|  |TAMS 0x000000008c900000, 0x000000008c900000| Untracked 
|  44|0x000000008ca00000, 0x000000008ca00000, 0x000000008cb00000|  0%| F|  |TAMS 0x000000008ca00000, 0x000000008ca00000| Untracked 
|  45|0x000000008cb00000, 0x000000008cb00000, 0x000000008cc00000|  0%| F|  |TAMS 0x000000008cb00000, 0x000000008cb00000| Untracked 
|  46|0x000000008cc00000, 0x000000008cc00000, 0x000000008cd00000|  0%| F|  |TAMS 0x000000008cc00000, 0x000000008cc00000| Untracked 
|  47|0x000000008cd00000, 0x000000008cd00000, 0x000000008ce00000|  0%| F|  |TAMS 0x000000008cd00000, 0x000000008cd00000| Untracked 
|  48|0x000000008ce00000, 0x000000008ce00000, 0x000000008cf00000|  0%| F|  |TAMS 0x000000008ce00000, 0x000000008ce00000| Untracked 
|  49|0x000000008cf00000, 0x000000008cf00000, 0x000000008d000000|  0%| F|  |TAMS 0x000000008cf00000, 0x000000008cf00000| Untracked 
|  50|0x000000008d000000, 0x000000008d000000, 0x000000008d100000|  0%| F|  |TAMS 0x000000008d000000, 0x000000008d000000| Untracked 
|  51|0x000000008d100000, 0x000000008d100000, 0x000000008d200000|  0%| F|  |TAMS 0x000000008d100000, 0x000000008d100000| Untracked 
|  52|0x000000008d200000, 0x000000008d200000, 0x000000008d300000|  0%| F|  |TAMS 0x000000008d200000, 0x000000008d200000| Untracked 
|  53|0x000000008d300000, 0x000000008d300000, 0x000000008d400000|  0%| F|  |TAMS 0x000000008d300000, 0x000000008d300000| Untracked 
|  54|0x000000008d400000, 0x000000008d400000, 0x000000008d500000|  0%| F|  |TAMS 0x000000008d400000, 0x000000008d400000| Untracked 
|  55|0x000000008d500000, 0x000000008d500000, 0x000000008d600000|  0%| F|  |TAMS 0x000000008d500000, 0x000000008d500000| Untracked 
|  56|0x000000008d600000, 0x000000008d600000, 0x000000008d700000|  0%| F|  |TAMS 0x000000008d600000, 0x000000008d600000| Untracked 
|  57|0x000000008d700000, 0x000000008d700000, 0x000000008d800000|  0%| F|  |TAMS 0x000000008d700000, 0x000000008d700000| Untracked 
|  58|0x000000008d800000, 0x000000008d800000, 0x000000008d900000|  0%| F|  |TAMS 0x000000008d800000, 0x000000008d800000| Untracked 
|  59|0x000000008d900000, 0x000000008d900000, 0x000000008da00000|  0%| F|  |TAMS 0x000000008d900000, 0x000000008d900000| Untracked 
|  60|0x000000008da00000, 0x000000008da00000, 0x000000008db00000|  0%| F|  |TAMS 0x000000008da00000, 0x000000008da00000| Untracked 
|  61|0x000000008db00000, 0x000000008db00000, 0x000000008dc00000|  0%| F|  |TAMS 0x000000008db00000, 0x000000008db00000| Untracked 
|  62|0x000000008dc00000, 0x000000008dc00000, 0x000000008dd00000|  0%| F|  |TAMS 0x000000008dc00000, 0x000000008dc00000| Untracked 
|  63|0x000000008dd00000, 0x000000008dd00000, 0x000000008de00000|  0%| F|  |TAMS 0x000000008dd00000, 0x000000008dd00000| Untracked 
|  64|0x000000008de00000, 0x000000008de00000, 0x000000008df00000|  0%| F|  |TAMS 0x000000008de00000, 0x000000008de00000| Untracked 
|  65|0x000000008df00000, 0x000000008df00000, 0x000000008e000000|  0%| F|  |TAMS 0x000000008df00000, 0x000000008df00000| Untracked 
|  66|0x000000008e000000, 0x000000008e000000, 0x000000008e100000|  0%| F|  |TAMS 0x000000008e000000, 0x000000008e000000| Untracked 
|  67|0x000000008e100000, 0x000000008e100000, 0x000000008e200000|  0%| F|  |TAMS 0x000000008e100000, 0x000000008e100000| Untracked 
|  68|0x000000008e200000, 0x000000008e200000, 0x000000008e300000|  0%| F|  |TAMS 0x000000008e200000, 0x000000008e200000| Untracked 
|  69|0x000000008e300000, 0x000000008e300000, 0x000000008e400000|  0%| F|  |TAMS 0x000000008e300000, 0x000000008e300000| Untracked 
|  70|0x000000008e400000, 0x000000008e400000, 0x000000008e500000|  0%| F|  |TAMS 0x000000008e400000, 0x000000008e400000| Untracked 
|  71|0x000000008e500000, 0x000000008e500000, 0x000000008e600000|  0%| F|  |TAMS 0x000000008e500000, 0x000000008e500000| Untracked 
|  72|0x000000008e600000, 0x000000008e600000, 0x000000008e700000|  0%| F|  |TAMS 0x000000008e600000, 0x000000008e600000| Untracked 
|  73|0x000000008e700000, 0x000000008e700000, 0x000000008e800000|  0%| F|  |TAMS 0x000000008e700000, 0x000000008e700000| Untracked 
|  74|0x000000008e800000, 0x000000008e800000, 0x000000008e900000|  0%| F|  |TAMS 0x000000008e800000, 0x000000008e800000| Untracked 
|  75|0x000000008e900000, 0x000000008e900000, 0x000000008ea00000|  0%| F|  |TAMS 0x000000008e900000, 0x000000008e900000| Untracked 
|  76|0x000000008ea00000, 0x000000008ea00000, 0x000000008eb00000|  0%| F|  |TAMS 0x000000008ea00000, 0x000000008ea00000| Untracked 
|  77|0x000000008eb00000, 0x000000008eb00000, 0x000000008ec00000|  0%| F|  |TAMS 0x000000008eb00000, 0x000000008eb00000| Untracked 
|  78|0x000000008ec00000, 0x000000008ec00000, 0x000000008ed00000|  0%| F|  |TAMS 0x000000008ec00000, 0x000000008ec00000| Untracked 
|  79|0x000000008ed00000, 0x000000008ed00000, 0x000000008ee00000|  0%| F|  |TAMS 0x000000008ed00000, 0x000000008ed00000| Untracked 
|  80|0x000000008ee00000, 0x000000008ee00000, 0x000000008ef00000|  0%| F|  |TAMS 0x000000008ee00000, 0x000000008ee00000| Untracked 
|  81|0x000000008ef00000, 0x000000008ef00000, 0x000000008f000000|  0%| F|  |TAMS 0x000000008ef00000, 0x000000008ef00000| Untracked 
|  82|0x000000008f000000, 0x000000008f000000, 0x000000008f100000|  0%| F|  |TAMS 0x000000008f000000, 0x000000008f000000| Untracked 
|  83|0x000000008f100000, 0x000000008f100000, 0x000000008f200000|  0%| F|  |TAMS 0x000000008f100000, 0x000000008f100000| Untracked 
|  84|0x000000008f200000, 0x000000008f200000, 0x000000008f300000|  0%| F|  |TAMS 0x000000008f200000, 0x000000008f200000| Untracked 
|  85|0x000000008f300000, 0x000000008f300000, 0x000000008f400000|  0%| F|  |TAMS 0x000000008f300000, 0x000000008f300000| Untracked 
|  86|0x000000008f400000, 0x000000008f400000, 0x000000008f500000|  0%| F|  |TAMS 0x000000008f400000, 0x000000008f400000| Untracked 
|  87|0x000000008f500000, 0x000000008f500000, 0x000000008f600000|  0%| F|  |TAMS 0x000000008f500000, 0x000000008f500000| Untracked 
|  88|0x000000008f600000, 0x000000008f600000, 0x000000008f700000|  0%| F|  |TAMS 0x000000008f600000, 0x000000008f600000| Untracked 
|  89|0x000000008f700000, 0x000000008f700000, 0x000000008f800000|  0%| F|  |TAMS 0x000000008f700000, 0x000000008f700000| Untracked 
|  90|0x000000008f800000, 0x000000008f800000, 0x000000008f900000|  0%| F|  |TAMS 0x000000008f800000, 0x000000008f800000| Untracked 
|  91|0x000000008f900000, 0x000000008f900000, 0x000000008fa00000|  0%| F|  |TAMS 0x000000008f900000, 0x000000008f900000| Untracked 
|  92|0x000000008fa00000, 0x000000008fa00000, 0x000000008fb00000|  0%| F|  |TAMS 0x000000008fa00000, 0x000000008fa00000| Untracked 
|  93|0x000000008fb00000, 0x000000008fb00000, 0x000000008fc00000|  0%| F|  |TAMS 0x000000008fb00000, 0x000000008fb00000| Untracked 
|  94|0x000000008fc00000, 0x000000008fc00000, 0x000000008fd00000|  0%| F|  |TAMS 0x000000008fc00000, 0x000000008fc00000| Untracked 
|  95|0x000000008fd00000, 0x000000008fd00000, 0x000000008fe00000|  0%| F|  |TAMS 0x000000008fd00000, 0x000000008fd00000| Untracked 
|  96|0x000000008fe00000, 0x000000008fe00000, 0x000000008ff00000|  0%| F|  |TAMS 0x000000008fe00000, 0x000000008fe00000| Untracked 
|  97|0x000000008ff00000, 0x000000008ff00000, 0x0000000090000000|  0%| F|  |TAMS 0x000000008ff00000, 0x000000008ff00000| Untracked 
|  98|0x0000000090000000, 0x0000000090000000, 0x0000000090100000|  0%| F|  |TAMS 0x0000000090000000, 0x0000000090000000| Untracked 
|  99|0x0000000090100000, 0x0000000090100000, 0x0000000090200000|  0%| F|  |TAMS 0x0000000090100000, 0x0000000090100000| Untracked 
| 100|0x0000000090200000, 0x0000000090200000, 0x0000000090300000|  0%| F|  |TAMS 0x0000000090200000, 0x0000000090200000| Untracked 
| 101|0x0000000090300000, 0x0000000090300000, 0x0000000090400000|  0%| F|  |TAMS 0x0000000090300000, 0x0000000090300000| Untracked 
| 102|0x0000000090400000, 0x0000000090400000, 0x0000000090500000|  0%| F|  |TAMS 0x0000000090400000, 0x0000000090400000| Untracked 
| 103|0x0000000090500000, 0x0000000090500000, 0x0000000090600000|  0%| F|  |TAMS 0x0000000090500000, 0x0000000090500000| Untracked 
| 104|0x0000000090600000, 0x0000000090600000, 0x0000000090700000|  0%| F|  |TAMS 0x0000000090600000, 0x0000000090600000| Untracked 
| 105|0x0000000090700000, 0x0000000090700000, 0x0000000090800000|  0%| F|  |TAMS 0x0000000090700000, 0x0000000090700000| Untracked 
| 106|0x0000000090800000, 0x0000000090800000, 0x0000000090900000|  0%| F|  |TAMS 0x0000000090800000, 0x0000000090800000| Untracked 
| 107|0x0000000090900000, 0x0000000090900000, 0x0000000090a00000|  0%| F|  |TAMS 0x0000000090900000, 0x0000000090900000| Untracked 
| 108|0x0000000090a00000, 0x0000000090a00000, 0x0000000090b00000|  0%| F|  |TAMS 0x0000000090a00000, 0x0000000090a00000| Untracked 
| 109|0x0000000090b00000, 0x0000000090b00000, 0x0000000090c00000|  0%| F|  |TAMS 0x0000000090b00000, 0x0000000090b00000| Untracked 
| 110|0x0000000090c00000, 0x0000000090c00000, 0x0000000090d00000|  0%| F|  |TAMS 0x0000000090c00000, 0x0000000090c00000| Untracked 
| 111|0x0000000090d00000, 0x0000000090d00000, 0x0000000090e00000|  0%| F|  |TAMS 0x0000000090d00000, 0x0000000090d00000| Untracked 
| 112|0x0000000090e00000, 0x0000000090e00000, 0x0000000090f00000|  0%| F|  |TAMS 0x0000000090e00000, 0x0000000090e00000| Untracked 
| 113|0x0000000090f00000, 0x0000000090f00000, 0x0000000091000000|  0%| F|  |TAMS 0x0000000090f00000, 0x0000000090f00000| Untracked 
| 114|0x0000000091000000, 0x000000009109ac70, 0x0000000091100000| 60%| E|  |TAMS 0x0000000091000000, 0x0000000091000000| Complete 
| 115|0x0000000091100000, 0x0000000091200000, 0x0000000091200000|100%| E|CS|TAMS 0x0000000091100000, 0x0000000091100000| Complete 
| 116|0x0000000091200000, 0x0000000091300000, 0x0000000091300000|100%| E|CS|TAMS 0x0000000091200000, 0x0000000091200000| Complete 
| 117|0x0000000091300000, 0x0000000091400000, 0x0000000091400000|100%| E|CS|TAMS 0x0000000091300000, 0x0000000091300000| Complete 
| 118|0x0000000091400000, 0x0000000091500000, 0x0000000091500000|100%| E|CS|TAMS 0x0000000091400000, 0x0000000091400000| Complete 
| 119|0x0000000091500000, 0x0000000091600000, 0x0000000091600000|100%| E|CS|TAMS 0x0000000091500000, 0x0000000091500000| Complete 

Card table byte_map: [0x0000022b68a80000,0x0000022b68e40000] _byte_map_base: 0x0000022b68631000

Marking Bits (Prev, Next): (CMBitMap*) 0x0000022b51966950, (CMBitMap*) 0x0000022b51966990
 Prev Bits: [0x0000022b69200000, 0x0000022b6af88000)
 Next Bits: [0x0000022b6af90000, 0x0000022b6cd18000)

Polling page: 0x0000022b4f860000

Metaspace:

Usage:
  Non-class:    420.39 KB used.
      Class:     27.21 KB used.
       Both:    447.60 KB used.

Virtual space:
  Non-class space:        8.00 MB reserved,     448.00 KB (  5%) committed,  1 nodes.
      Class space:        1.00 GB reserved,     128.00 KB ( <1%) committed,  1 nodes.
             Both:        1.01 GB reserved,     576.00 KB ( <1%) committed. 

Chunk freelists:
   Non-Class:  3.89 MB
       Class:  3.73 MB
        Both:  7.62 MB

MaxMetaspaceSize: unlimited
CompressedClassSpaceSize: 1.00 GB
Initial GC threshold: 21.00 MB
Current GC threshold: 21.00 MB
CDS: on
MetaspaceReclaimPolicy: balanced
 - commit_granule_bytes: 65536.
 - commit_granule_words: 8192.
 - virtual_space_node_default_size: 1048576.
 - enlarge_chunks_in_place: 1.
 - new_chunks_are_fully_committed: 0.
 - uncommit_free_chunks: 1.
 - use_allocation_guard: 0.
 - handle_deallocations: 1.


Internal statistics:

num_allocs_failed_limit: 0.
num_arena_births: 4.
num_arena_deaths: 0.
num_vsnodes_births: 2.
num_vsnodes_deaths: 0.
num_space_committed: 9.
num_space_uncommitted: 0.
num_chunks_returned_to_freelist: 0.
num_chunks_taken_from_freelist: 13.
num_chunk_merges: 0.
num_chunk_splits: 6.
num_chunks_enlarged: 5.
num_purges: 0.
num_inconsistent_stats: 0.

CodeHeap 'non-profiled nmethods': size=120000Kb used=59Kb max_used=59Kb free=119940Kb
 bounds [0x0000022b60c40000, 0x0000022b60eb0000, 0x0000022b68170000]
CodeHeap 'profiled nmethods': size=120000Kb used=294Kb max_used=294Kb free=119705Kb
 bounds [0x0000022b59710000, 0x0000022b59980000, 0x0000022b60c40000]
CodeHeap 'non-nmethods': size=5760Kb used=1057Kb max_used=1072Kb free=4702Kb
 bounds [0x0000022b59170000, 0x0000022b593e0000, 0x0000022b59710000]
 total_blobs=530 nmethods=211 adapters=232
 compilation: enabled
              stopped_count=0, restarted_count=0
 full_count=0

Compilation events (20 events):
Event: 0.175 Thread 0x0000022b6f958690 nmethod 151 0x0000022b60c48f10 code [0x0000022b60c490a0, 0x0000022b60c49178]
Event: 0.178 Thread 0x0000022b6f958690  154       3       java.lang.String::lastIndexOf (12 bytes)
Event: 0.178 Thread 0x0000022b6f958690 nmethod 154 0x0000022b59745310 code [0x0000022b59745500, 0x0000022b597458f8]
Event: 0.180 Thread 0x0000022b6f958690  155       3       java.util.zip.ZipFile::ensureOpen (40 bytes)
Event: 0.181 Thread 0x0000022b6f958690 nmethod 155 0x0000022b59745a90 code [0x0000022b59745c60, 0x0000022b59745ef8]
Event: 0.181 Thread 0x0000022b6f958690  156       3       java.util.ArrayList::get (15 bytes)
Event: 0.181 Thread 0x0000022b6f958690 nmethod 156 0x0000022b59746010 code [0x0000022b597461e0, 0x0000022b59746508]
Event: 0.181 Thread 0x0000022b6f958690  157       3       java.util.Objects::checkIndex (7 bytes)
Event: 0.181 Thread 0x0000022b6f958690 nmethod 157 0x0000022b59746690 code [0x0000022b59746840, 0x0000022b59746a48]
Event: 0.182 Thread 0x0000022b6f957ce0  158       4       java.lang.AbstractStringBuilder::ensureCapacityInternal (39 bytes)
Event: 0.183 Thread 0x0000022b6f958690  159       3       java.lang.StringLatin1::toLowerCase (186 bytes)
Event: 0.184 Thread 0x0000022b6f958690 nmethod 159 0x0000022b59746b90 code [0x0000022b59746e00, 0x0000022b59747958]
Event: 0.184 Thread 0x0000022b6f958690  160       1       java.net.URL::getUserInfo (5 bytes)
Event: 0.184 Thread 0x0000022b6f958690 nmethod 160 0x0000022b60c49210 code [0x0000022b60c493a0, 0x0000022b60c49478]
Event: 0.185 Thread 0x0000022b6f958690  161       3       java.lang.StringBuilder::<init> (7 bytes)
Event: 0.185 Thread 0x0000022b6f958690 nmethod 161 0x0000022b59747d90 code [0x0000022b59747f20, 0x0000022b59748068]
Event: 0.186 Thread 0x0000022b6f958690  162       1       java.net.URL::getProtocol (5 bytes)
Event: 0.186 Thread 0x0000022b6f958690 nmethod 162 0x0000022b60c49510 code [0x0000022b60c496a0, 0x0000022b60c49778]
Event: 0.188 Thread 0x0000022b6f958690  164       3       java.util.AbstractSet::<init> (5 bytes)
Event: 0.188 Thread 0x0000022b6f958690 nmethod 164 0x0000022b59748110 code [0x0000022b597482c0, 0x0000022b59748478]

GC Heap History (0 events):
No events

Deoptimization events (20 events):
Event: 0.139 Thread 0x0000022b51910eb0 DEOPT PACKING pc=0x0000022b59717251 sp=0x00000034777fa890
Event: 0.139 Thread 0x0000022b51910eb0 DEOPT UNPACKING pc=0x0000022b591c2b43 sp=0x00000034777f9d08 mode 0
Event: 0.141 Thread 0x0000022b51910eb0 DEOPT PACKING pc=0x0000022b5973240c sp=0x00000034777fa590
Event: 0.141 Thread 0x0000022b51910eb0 DEOPT UNPACKING pc=0x0000022b591c2b43 sp=0x00000034777f9a20 mode 0
Event: 0.143 Thread 0x0000022b51910eb0 DEOPT PACKING pc=0x0000022b5973240c sp=0x00000034777fa590
Event: 0.143 Thread 0x0000022b51910eb0 DEOPT UNPACKING pc=0x0000022b591c2b43 sp=0x00000034777f9a20 mode 0
Event: 0.143 Thread 0x0000022b51910eb0 DEOPT PACKING pc=0x0000022b5973240c sp=0x00000034777fa590
Event: 0.143 Thread 0x0000022b51910eb0 DEOPT UNPACKING pc=0x0000022b591c2b43 sp=0x00000034777f9a20 mode 0
Event: 0.143 Thread 0x0000022b51910eb0 DEOPT PACKING pc=0x0000022b5973240c sp=0x00000034777fa590
Event: 0.143 Thread 0x0000022b51910eb0 DEOPT UNPACKING pc=0x0000022b591c2b43 sp=0x00000034777f9a20 mode 0
Event: 0.143 Thread 0x0000022b51910eb0 DEOPT PACKING pc=0x0000022b5973240c sp=0x00000034777fa590
Event: 0.143 Thread 0x0000022b51910eb0 DEOPT UNPACKING pc=0x0000022b591c2b43 sp=0x00000034777f9a20 mode 0
Event: 0.143 Thread 0x0000022b51910eb0 DEOPT PACKING pc=0x0000022b5973240c sp=0x00000034777fa590
Event: 0.143 Thread 0x0000022b51910eb0 DEOPT UNPACKING pc=0x0000022b591c2b43 sp=0x00000034777f9a20 mode 0
Event: 0.143 Thread 0x0000022b51910eb0 DEOPT PACKING pc=0x0000022b5973240c sp=0x00000034777fa590
Event: 0.143 Thread 0x0000022b51910eb0 DEOPT UNPACKING pc=0x0000022b591c2b43 sp=0x00000034777f9a20 mode 0
Event: 0.143 Thread 0x0000022b51910eb0 DEOPT PACKING pc=0x0000022b5973240c sp=0x00000034777fa590
Event: 0.143 Thread 0x0000022b51910eb0 DEOPT UNPACKING pc=0x0000022b591c2b43 sp=0x00000034777f9a20 mode 0
Event: 0.143 Thread 0x0000022b51910eb0 DEOPT PACKING pc=0x0000022b5973240c sp=0x00000034777fa590
Event: 0.143 Thread 0x0000022b51910eb0 DEOPT UNPACKING pc=0x0000022b591c2b43 sp=0x00000034777f9a20 mode 0

Classes unloaded (0 events):
No events

Classes redefined (0 events):
No events

Internal exceptions (0 events):
No events

VM Operations (2 events):
Event: 0.137 Executing VM operation: HandshakeAllThreads
Event: 0.137 Executing VM operation: HandshakeAllThreads done

Events (20 events):
Event: 0.121 Thread 0x0000022b7052ebe0 Thread added: 0x0000022b7052ebe0
Event: 0.125 Thread 0x0000022b705488c0 Thread added: 0x0000022b705488c0
Event: 0.129 Loaded shared library C:\Program Files\Java\jdk-17.0.5\bin\net.dll
Event: 0.130 Loaded shared library C:\Program Files\Java\jdk-17.0.5\bin\nio.dll
Event: 0.134 Loaded shared library C:\Program Files\Java\jdk-17.0.5\bin\zip.dll
Event: 0.139 loading class java/util/concurrent/Callable
Event: 0.139 loading class java/util/concurrent/Callable done
Event: 0.161 loading class java/io/IOException
Event: 0.161 loading class java/io/IOException done
Event: 0.166 Loaded shared library C:\Program Files\Java\jdk-17.0.5\bin\verify.dll
Event: 0.177 loading class java/io/StringWriter
Event: 0.177 loading class java/io/StringWriter done
Event: 0.178 loading class java/lang/reflect/InvocationTargetException
Event: 0.178 loading class java/lang/reflect/InvocationTargetException done
Event: 0.180 loading class java/util/IllegalFormatException
Event: 0.180 loading class java/util/IllegalFormatException done
Event: 0.185 loading class jdk/internal/loader/URLClassPath$FileLoader
Event: 0.185 loading class jdk/internal/loader/URLClassPath$FileLoader done
Event: 0.185 loading class sun/nio/cs/UTF_8$Decoder
Event: 0.185 loading class sun/nio/cs/UTF_8$Decoder done


Dynamic libraries:
0x00007ff64fc80000 - 0x00007ff64fc90000 	C:\Program Files\Java\jdk-17.0.5\bin\java.exe
0x00007ffaf2c20000 - 0x00007ffaf2e29000 	C:\WINDOWS\SYSTEM32\ntdll.dll
0x00007ffaf1af0000 - 0x00007ffaf1bae000 	C:\WINDOWS\System32\KERNEL32.DLL
0x00007ffaf06b0000 - 0x00007ffaf0a2b000 	C:\WINDOWS\System32\KERNELBASE.dll
0x00007ffaf04d0000 - 0x00007ffaf05e1000 	C:\WINDOWS\System32\ucrtbase.dll
0x00007ffad44e0000 - 0x00007ffad44fa000 	C:\Program Files\Java\jdk-17.0.5\bin\VCRUNTIME140.dll
0x00007ffad4200000 - 0x00007ffad4218000 	C:\Program Files\Java\jdk-17.0.5\bin\jli.dll
0x00007ffaf0aa0000 - 0x00007ffaf0b4e000 	C:\WINDOWS\System32\ADVAPI32.dll
0x00007ffaf28c0000 - 0x00007ffaf2963000 	C:\WINDOWS\System32\msvcrt.dll
0x00007ffaf2ac0000 - 0x00007ffaf2b5e000 	C:\WINDOWS\System32\sechost.dll
0x00007ffaf26b0000 - 0x00007ffaf27d0000 	C:\WINDOWS\System32\RPCRT4.dll
0x00007ffaf24a0000 - 0x00007ffaf264d000 	C:\WINDOWS\System32\USER32.dll
0x00007ffaf0260000 - 0x00007ffaf0286000 	C:\WINDOWS\System32\win32u.dll
0x00007ffaef340000 - 0x00007ffaef5e5000 	C:\WINDOWS\WinSxS\amd64_microsoft.windows.common-controls_6595b64144ccf1df_6.0.22000.120_none_9d947278b86cc467\COMCTL32.dll
0x00007ffaf15d0000 - 0x00007ffaf15f9000 	C:\WINDOWS\System32\GDI32.dll
0x00007ffaf0330000 - 0x00007ffaf0448000 	C:\WINDOWS\System32\gdi32full.dll
0x00007ffaf0290000 - 0x00007ffaf032d000 	C:\WINDOWS\System32\msvcp_win.dll
0x00007ffaeb3c0000 - 0x00007ffaeb3ca000 	C:\WINDOWS\SYSTEM32\VERSION.dll
0x00007ffaf1f30000 - 0x00007ffaf1f62000 	C:\WINDOWS\System32\IMM32.DLL
0x00007ffad44d0000 - 0x00007ffad44dc000 	C:\Program Files\Java\jdk-17.0.5\bin\vcruntime140_1.dll
0x00007ffa55d10000 - 0x00007ffa55d9d000 	C:\Program Files\Java\jdk-17.0.5\bin\msvcp140.dll
0x00007ffa46a40000 - 0x00007ffa47602000 	C:\Program Files\Java\jdk-17.0.5\bin\server\jvm.dll
0x00007ffaf2110000 - 0x00007ffaf2118000 	C:\WINDOWS\System32\PSAPI.DLL
0x00007ffa55a70000 - 0x00007ffa55a79000 	C:\WINDOWS\SYSTEM32\WSOCK32.dll
0x00007ffae5b60000 - 0x00007ffae5b93000 	C:\WINDOWS\SYSTEM32\WINMM.dll
0x00007ffaf2b60000 - 0x00007ffaf2bcf000 	C:\WINDOWS\System32\WS2_32.dll
0x00007ffaee270000 - 0x00007ffaee288000 	C:\WINDOWS\SYSTEM32\kernel.appcore.dll
0x00007ffad44c0000 - 0x00007ffad44ca000 	C:\Program Files\Java\jdk-17.0.5\bin\jimage.dll
0x00007ffaefa40000 - 0x00007ffaefc61000 	C:\WINDOWS\SYSTEM32\DBGHELP.DLL
0x00007ffaef910000 - 0x00007ffaef941000 	C:\WINDOWS\SYSTEM32\dbgcore.DLL
0x00007ffaf0450000 - 0x00007ffaf04cf000 	C:\WINDOWS\System32\bcryptPrimitives.dll
0x00007ffab8c20000 - 0x00007ffab8c45000 	C:\Program Files\Java\jdk-17.0.5\bin\java.dll
0x00007ffa55da0000 - 0x00007ffa55e76000 	C:\Program Files\Java\jdk-17.0.5\bin\jsvml.dll
0x00007ffaf0bf0000 - 0x00007ffaf13a8000 	C:\WINDOWS\System32\SHELL32.dll
0x00007ffaed2e0000 - 0x00007ffaedb45000 	C:\WINDOWS\SYSTEM32\windows.storage.dll
0x00007ffaf2120000 - 0x00007ffaf2498000 	C:\WINDOWS\System32\combase.dll
0x00007ffaed170000 - 0x00007ffaed2d6000 	C:\WINDOWS\SYSTEM32\wintypes.dll
0x00007ffaf27d0000 - 0x00007ffaf28ba000 	C:\WINDOWS\System32\SHCORE.dll
0x00007ffaf1ed0000 - 0x00007ffaf1f2d000 	C:\WINDOWS\System32\shlwapi.dll
0x00007ffaf0020000 - 0x00007ffaf0041000 	C:\WINDOWS\SYSTEM32\profapi.dll
0x00007ffad4540000 - 0x00007ffad4559000 	C:\Program Files\Java\jdk-17.0.5\bin\net.dll
0x00007ffae7260000 - 0x00007ffae7374000 	C:\WINDOWS\SYSTEM32\WINHTTP.dll
0x00007ffaef010000 - 0x00007ffaef077000 	C:\WINDOWS\system32\mswsock.dll
0x00007ffad4520000 - 0x00007ffad4536000 	C:\Program Files\Java\jdk-17.0.5\bin\nio.dll
0x00007ffad4500000 - 0x00007ffad4518000 	C:\Program Files\Java\jdk-17.0.5\bin\zip.dll
0x00007ffad44b0000 - 0x00007ffad44c0000 	C:\Program Files\Java\jdk-17.0.5\bin\verify.dll

dbghelp: loaded successfully - version: 4.0.5 - missing functions: none
symbol engine: initialized successfully - sym options: 0x614 - pdb path: .;C:\Program Files\Java\jdk-17.0.5\bin;C:\WINDOWS\SYSTEM32;C:\WINDOWS\WinSxS\amd64_microsoft.windows.common-controls_6595b64144ccf1df_6.0.22000.120_none_9d947278b86cc467;C:\Program Files\Java\jdk-17.0.5\bin\server

VM Arguments:
jvm_args: -Dfile.encoding=windows-1252 -Duser.country=US -Duser.language=en -Duser.variant 
java_command: org.springframework.aot.build.GenerateBootstrapCommand --sources-out=C:\Users\amaya\OneDrive\Documents\GitHub\MedChart\MedChart (1)\MedChart\build\generated\runtimeSources\aotMain --resources-out=C:\Users\amaya\OneDrive\Documents\GitHub\MedChart\MedChart (1)\MedChart\build\generated\resources\aotMain --resources=C:\Users\amaya\OneDrive\Documents\GitHub\MedChart\MedChart (1)\MedChart\src\main\resources --classes=C:\Users\amaya\OneDrive\Documents\GitHub\MedChart\MedChart (1)\MedChart\build\classes\java\main --mode=native --remove-xml --remove-jmx
java_class_path (initial): C:\Users\amaya\.gradle\caches\modules-2\files-2.1\org.springframework.experimental\spring-native-configuration\0.12.1\83edc9ce18666207bbd22132599dce9715233e93\spring-native-configuration-0.12.1.jar;C:\Users\amaya\.gradle\caches\modules-2\files-2.1\org.springframework.experimental\spring-aot\0.12.1\dc3ae9fc54e7efe7cbbcf6baa53b3a988ac8a852\spring-aot-0.12.1.jar;C:\Users\amaya\.gradle\caches\modules-2\files-2.1\org.springframework.experimental\spring-native\0.12.1\ebcc410e1ecd8425cee836ef06a4cb3074da63ef\spring-native-0.12.1.jar;C:\Users\amaya\.gradle\caches\modules-2\files-2.1\org.springframework\spring-context\5.3.21\fe371c85f02b8c6690fc3b3d0950ef4f965db0cd\spring-context-5.3.21.jar;C:\Users\amaya\.gradle\caches\modules-2\files-2.1\org.springframework.boot\spring-boot-loader-tools\2.7.1\a5e62088b6d94d2a316ae55b17bfed72ae33acc4\spring-boot-loader-tools-2.7.1.jar;C:\Users\amaya\.gradle\caches\modules-2\files-2.1\com.squareup\javapoet\1.13.0\d6562d385049f35eb50403fa86bb11cce76b866a\javapoet-1.13.0.jar;C:\Users\amaya\.gradle\caches\modules-2\files-2.1\info.picocli\picocli\4.6.1\49a67ee4b4d9722fa60f3f9ffaffa72861c32966\picocli-4.6.1.jar;C:\Users\amaya\.gradle\caches\modules-2\files-2.1\jakarta.annotation\jakarta.annotation-api\1.3.5\59eb84ee0d616332ff44aba065f3888cf002cd2d\jakarta.annotation-api-1.3.5.jar;C:\Users\amaya\.gradle\caches\modules-2\files-2.1\net.bytebuddy\byte-buddy\1.12.11\ebeebf10ea48f997da583cdb6ce861eee279a507\byte-buddy-1.12.11.jar;C:\Users\amaya\.gradle\caches\modules-2\files-2.1\org.springframework\spring-aop\5.3.21\58ec4ff7a0ce30a1e2612f04ad0fb13ea806705\spring-aop-5.3.21.jar;C:\Users\amaya\.gradle\caches\modules-2\files-2.1\org.springframework\spring-beans\5.3.21\e3eae7e6d211381642a0b7507a5215e3ac1b32e1\spring-beans-5.3.21.jar;C:\Users\amaya\.gradle\caches\modules-2\files-2.1\org.springframework\spring-expression\5.3.21\ca8c5822fc528066ec717f1e74160a1575c43192\spring-expression-5.3.21.jar;C:\Users\amaya\.gradle\caches\mod
Launcher Type: SUN_STANDARD

[Global flags]
     intx CICompilerCount                          = 4                                         {product} {ergonomic}
     uint ConcGCThreads                            = 3                                         {product} {ergonomic}
     uint G1ConcRefinementThreads                  = 10                                        {product} {ergonomic}
   size_t G1HeapRegionSize                         = 1048576                                   {product} {ergonomic}
    uintx GCDrainStackTargetSize                   = 64                                        {product} {ergonomic}
   size_t InitialHeapSize                          = 125829120                                 {product} {ergonomic}
   size_t MarkStackSize                            = 4194304                                   {product} {ergonomic}
   size_t MaxHeapSize                              = 1981808640                                {product} {ergonomic}
   size_t MaxNewSize                               = 1189085184                                {product} {ergonomic}
   size_t MinHeapDeltaBytes                        = 1048576                                   {product} {ergonomic}
   size_t MinHeapSize                              = 8388608                                   {product} {ergonomic}
    uintx NonNMethodCodeHeapSize                   = 5839372                                {pd product} {ergonomic}
    uintx NonProfiledCodeHeapSize                  = 122909434                              {pd product} {ergonomic}
    uintx ProfiledCodeHeapSize                     = 122909434                              {pd product} {ergonomic}
    uintx ReservedCodeCacheSize                    = 251658240                              {pd product} {ergonomic}
     bool SegmentedCodeCache                       = true                                      {product} {ergonomic}
   size_t SoftMaxHeapSize                          = 1981808640                             {manageable} {ergonomic}
     bool UseCompressedClassPointers               = true                           {product lp64_product} {ergonomic}
     bool UseCompressedOops                        = true                           {product lp64_product} {ergonomic}
     bool UseG1GC                                  = true                                      {product} {ergonomic}
     bool UseLargePagesIndividualAllocation        = false                                  {pd product} {ergonomic}

Logging:
Log output configuration:
 #0: stdout all=warning uptime,level,tags
 #1: stderr all=off uptime,level,tags

Environment Variables:
JAVA_HOME=C:\Program Files\Java\jdk-17.0.5
PATH=C:\Program Files\Common Files\Oracle\Java\javapath;C:\WINDOWS\system32;C:\WINDOWS;C:\WINDOWS\System32\Wbem;C:\WINDOWS\System32\WindowsPowerShell\v1.0\;C:\WINDOWS\System32\OpenSSH\;C:\Program Files\nodejs\;C:\Program Files\dotnet\;C:\Program Files\Microsoft SQL Server\Client SDK\ODBC\170\Tools\Binn\;C:\Program Files\Microsoft SQL Server\150\Tools\Binn\;C:\Program Files\Git\cmd;C:\Program Files\Java\jdk-17.0.2\bin;C:\Program Files\Java\jre1.8.0_341\bin;C:\Program Files\Java\jdk-19\bin;C:\Program Files\Java\scripts-up-to-java20\scripts;C:\Program Files\MySQL\MySQL Shell 8.0\bin\;C:\Users\amaya\AppData\Local\Microsoft\WindowsApps;C:\Users\amaya\AppData\Local\Programs\Microsoft VS Code\bin;C:\Users\amaya\AppData\Roaming\npm;C:\Users\amaya\.dotnet\tools;C:\Users\amaya\AppData\Local\GitHubDesktop\bin;C:\Users\amaya\OneDrive\Documents\GitHub\apache-maven-3.8.6\bin;
USERNAME=amaya
OS=Windows_NT
PROCESSOR_IDENTIFIER=AMD64 Family 23 Model 96 Stepping 1, AuthenticAMD



---------------  S Y S T E M  ---------------

OS:
 Windows 11 , 64 bit Build 22000 (10.0.22000.1219)
OS uptime: 0 days 1:12 hours
Hyper-V role detected

CPU: total 12 (initial active 12) (12 cores per cpu, 2 threads per core) family 23 model 96 stepping 1 microcode 0x0, cx8, cmov, fxsr, ht, mmx, 3dnowpref, sse, sse2, sse3, ssse3, sse4a, sse4.1, sse4.2, popcnt, lzcnt, tsc, tscinvbit, avx, avx2, aes, clmul, bmi1, bmi2, adx, sha, fma, vzeroupper, clflush, clflushopt, hv

Memory: 4k page, system-wide physical 7555M (981M free)
TotalPageFile size 16259M (AvailPageFile size 4154M)
current process WorkingSet (physical memory assigned to process): 37M, peak: 37M
current process commit charge ("private bytes"): 209M, peak: 209M

vm_info: Java HotSpot(TM) 64-Bit Server VM (17.0.5+9-LTS-191) for windows-amd64 JRE (17.0.5+9-LTS-191), built on Sep 13 2022 17:31:43 by "mach5one" with MS VC++ 16.8 / 16.9 (VS2019)

END.
